<?xml version="1.0" encoding="UTF-8"?>
<testsuite name="org.springframework.context.support.ClassPathXmlApplicationContextTests" tests="20" skipped="0" failures="0" errors="0" timestamp="2021-03-04T16:39:39" hostname="WIN-LQAMLJ4MN5U" time="9.76">
  <properties/>
  <testcase name="testSingleConfigLocationWithClass()" classname="org.springframework.context.support.ClassPathXmlApplicationContextTests" time="0.006"/>
  <testcase name="testAliasWithPlaceholder()" classname="org.springframework.context.support.ClassPathXmlApplicationContextTests" time="0.621"/>
  <testcase name="testContextWithInvalidValueType()" classname="org.springframework.context.support.ClassPathXmlApplicationContextTests" time="0.024"/>
  <testcase name="testResourceAndInputStream()" classname="org.springframework.context.support.ClassPathXmlApplicationContextTests" time="0.027"/>
  <testcase name="testContextWithInvalidLazyClass()" classname="org.springframework.context.support.ClassPathXmlApplicationContextTests" time="0.02"/>
  <testcase name="testMessageSourceAware()" classname="org.springframework.context.support.ClassPathXmlApplicationContextTests" time="0.436"/>
  <testcase name="testContextWithClassNameThatContainsPlaceholder()" classname="org.springframework.context.support.ClassPathXmlApplicationContextTests" time="0.057"/>
  <testcase name="testGenericApplicationContextWithXmlBeanDefinitionsAndClassLoaderNull()" classname="org.springframework.context.support.ClassPathXmlApplicationContextTests" time="0.915"/>
  <testcase name="testAliasThatOverridesParent()" classname="org.springframework.context.support.ClassPathXmlApplicationContextTests" time="0.01"/>
  <testcase name="testChildWithProxy()" classname="org.springframework.context.support.ClassPathXmlApplicationContextTests" time="2.158"/>
  <testcase name="testSingleConfigLocation()" classname="org.springframework.context.support.ClassPathXmlApplicationContextTests" time="0.005"/>
  <testcase name="testResourceArrayPropertyEditor()" classname="org.springframework.context.support.ClassPathXmlApplicationContextTests" time="0.232"/>
  <testcase name="testGenericApplicationContextWithXmlBeanDefinitionsAndSpecifiedId()" classname="org.springframework.context.support.ClassPathXmlApplicationContextTests" time="0.725"/>
  <testcase name="testFactoryBeanAndApplicationListener()" classname="org.springframework.context.support.ClassPathXmlApplicationContextTests" time="0.853"/>
  <testcase name="testMultipleConfigLocationsWithClass()" classname="org.springframework.context.support.ClassPathXmlApplicationContextTests" time="0.925"/>
  <testcase name="testMultipleConfigLocations()" classname="org.springframework.context.support.ClassPathXmlApplicationContextTests" time="1.4"/>
  <testcase name="testAliasForParentContext()" classname="org.springframework.context.support.ClassPathXmlApplicationContextTests" time="0.009"/>
  <testcase name="testGenericApplicationContextWithXmlBeanDefinitions()" classname="org.springframework.context.support.ClassPathXmlApplicationContextTests" time="1.118"/>
  <testcase name="testAliasThatOverridesEarlierBean()" classname="org.springframework.context.support.ClassPathXmlApplicationContextTests" time="0.01"/>
  <testcase name="testConfigLocationPattern()" classname="org.springframework.context.support.ClassPathXmlApplicationContextTests" time="0.201"/>
  <system-out><![CDATA[00:39:39.686 [Test worker] WARN  o.s.c.s.ClassPathXmlApplicationContext - Exception encountered during context initialization - cancelling refresh attempt: org.springframework.beans.factory.BeanCreationException: Error creating bean with name 'someMessageSource' defined in class path resource [org/springframework/context/support/invalidValueType.xml]: Initialization of bean failed; nested exception is org.springframework.beans.TypeMismatchException: Failed to convert property value of type 'java.lang.String' to required type 'boolean' for property 'useCodeAsDefaultMessage'; nested exception is java.lang.IllegalArgumentException: Invalid boolean value [xxx]
]]></system-out>
  <system-err><![CDATA[]]></system-err>
</testsuite>
